{"C:\\Users\\CLOUD\\OneDrive - Cloud Desk Technology\\Documents\\GitHub\\pravin-on-cloud\\Gcp_Cloud_Docgen\\src\\index.ts": {"path":"C:\\Users\\CLOUD\\OneDrive - Cloud Desk Technology\\Documents\\GitHub\\pravin-on-cloud\\Gcp_Cloud_Docgen\\src\\index.ts","statementMap":{"0":{"start":{"line":9,"column":16},"end":{"line":9,"column":42}},"1":{"start":{"line":12,"column":2},"end":{"line":17,"column":3}},"2":{"start":{"line":13,"column":4},"end":{"line":13,"column":49}},"3":{"start":{"line":15,"column":4},"end":{"line":15,"column":59}},"4":{"start":{"line":16,"column":4},"end":{"line":16,"column":16}},"5":{"start":{"line":20,"column":16},"end":{"line":20,"column":33}},"6":{"start":{"line":21,"column":0},"end":{"line":21,"column":32}},"7":{"start":{"line":24,"column":2},"end":{"line":49,"column":5}},"8":{"start":{"line":51,"column":2},"end":{"line":61,"column":5}},"9":{"start":{"line":54,"column":36},"end":{"line":54,"column":42}},"10":{"start":{"line":65,"column":2},"end":{"line":72,"column":5}},"11":{"start":{"line":76,"column":24},"end":{"line":76,"column":44}},"12":{"start":{"line":77,"column":2},"end":{"line":79,"column":3}},"13":{"start":{"line":77,"column":36},"end":{"line":77,"column":66}},"14":{"start":{"line":78,"column":4},"end":{"line":78,"column":11}},"15":{"start":{"line":81,"column":17},"end":{"line":81,"column":45}},"16":{"start":{"line":82,"column":2},"end":{"line":86,"column":3}},"17":{"start":{"line":83,"column":4},"end":{"line":85,"column":7}},"18":{"start":{"line":88,"column":2},"end":{"line":92,"column":3}},"19":{"start":{"line":89,"column":4},"end":{"line":91,"column":7}},"20":{"start":{"line":96,"column":0},"end":{"line":96,"column":51}},"21":{"start":{"line":98,"column":0},"end":{"line":98,"column":22}},"22":{"start":{"line":99,"column":0},"end":{"line":99,"column":19}},"23":{"start":{"line":101,"column":0},"end":{"line":101,"column":31}},"24":{"start":{"line":103,"column":14},"end":{"line":114,"column":1}},"25":{"start":{"line":104,"column":2},"end":{"line":113,"column":3}},"26":{"start":{"line":105,"column":4},"end":{"line":108,"column":7}},"27":{"start":{"line":109,"column":4},"end":{"line":109,"column":53}},"28":{"start":{"line":111,"column":4},"end":{"line":111,"column":53}},"29":{"start":{"line":112,"column":4},"end":{"line":112,"column":20}},"30":{"start":{"line":116,"column":0},"end":{"line":119,"column":3}},"31":{"start":{"line":117,"column":2},"end":{"line":117,"column":61}},"32":{"start":{"line":118,"column":2},"end":{"line":118,"column":18}}},"fnMap":{"0":{"name":"getApiKey","decl":{"start":{"line":11,"column":15},"end":{"line":11,"column":24}},"loc":{"start":{"line":11,"column":24},"end":{"line":18,"column":1}}},"1":{"name":"setupSwagger","decl":{"start":{"line":23,"column":9},"end":{"line":23,"column":21}},"loc":{"start":{"line":23,"column":37},"end":{"line":62,"column":1}}},"2":{"name":"(anonymous_2)","decl":{"start":{"line":54,"column":24},"end":{"line":54,"column":25}},"loc":{"start":{"line":54,"column":36},"end":{"line":54,"column":42}}},"3":{"name":"setupCors","decl":{"start":{"line":64,"column":9},"end":{"line":64,"column":18}},"loc":{"start":{"line":64,"column":34},"end":{"line":73,"column":1}}},"4":{"name":"apiKeyValidationHook","decl":{"start":{"line":75,"column":15},"end":{"line":75,"column":35}},"loc":{"start":{"line":75,"column":80},"end":{"line":93,"column":1}}},"5":{"name":"(anonymous_5)","decl":{"start":{"line":77,"column":25},"end":{"line":77,"column":26}},"loc":{"start":{"line":77,"column":36},"end":{"line":77,"column":66}}},"6":{"name":"(anonymous_6)","decl":{"start":{"line":103,"column":14},"end":{"line":103,"column":19}},"loc":{"start":{"line":103,"column":25},"end":{"line":114,"column":1}}},"7":{"name":"(anonymous_7)","decl":{"start":{"line":116,"column":14},"end":{"line":116,"column":15}},"loc":{"start":{"line":116,"column":22},"end":{"line":119,"column":1}}}},"branchMap":{"0":{"loc":{"start":{"line":77,"column":2},"end":{"line":79,"column":3}},"type":"if","locations":[{"start":{"line":77,"column":2},"end":{"line":79,"column":3}}]},"1":{"loc":{"start":{"line":77,"column":6},"end":{"line":77,"column":90}},"type":"binary-expr","locations":[{"start":{"line":77,"column":6},"end":{"line":77,"column":67}},{"start":{"line":77,"column":71},"end":{"line":77,"column":90}}]},"2":{"loc":{"start":{"line":82,"column":2},"end":{"line":86,"column":3}},"type":"if","locations":[{"start":{"line":82,"column":2},"end":{"line":86,"column":3}}]},"3":{"loc":{"start":{"line":88,"column":2},"end":{"line":92,"column":3}},"type":"if","locations":[{"start":{"line":88,"column":2},"end":{"line":92,"column":3}}]}},"s":{"0":0,"1":0,"2":0,"3":0,"4":0,"5":0,"6":0,"7":0,"8":0,"9":0,"10":0,"11":0,"12":0,"13":0,"14":0,"15":0,"16":0,"17":0,"18":0,"19":0,"20":0,"21":0,"22":0,"23":0,"24":0,"25":0,"26":0,"27":0,"28":0,"29":0,"30":0,"31":0,"32":0},"f":{"0":0,"1":0,"2":0,"3":0,"4":0,"5":0,"6":0,"7":0},"b":{"0":[0],"1":[0,0],"2":[0],"3":[0]}}
,"C:\\Users\\CLOUD\\OneDrive - Cloud Desk Technology\\Documents\\GitHub\\pravin-on-cloud\\Gcp_Cloud_Docgen\\src\\ajv\\validation.ts": {"path":"C:\\Users\\CLOUD\\OneDrive - Cloud Desk Technology\\Documents\\GitHub\\pravin-on-cloud\\Gcp_Cloud_Docgen\\src\\ajv\\validation.ts","statementMap":{"0":{"start":{"line":4,"column":12},"end":{"line":4,"column":40}},"1":{"start":{"line":5,"column":0},"end":{"line":5,"column":15}},"2":{"start":{"line":9,"column":35},"end":{"line":24,"column":1}},"3":{"start":{"line":10,"column":2},"end":{"line":23,"column":4}},"4":{"start":{"line":11,"column":4},"end":{"line":22,"column":5}},"5":{"start":{"line":12,"column":6},"end":{"line":12,"column":62}},"6":{"start":{"line":14,"column":20},"end":{"line":14,"column":54}},"7":{"start":{"line":15,"column":6},"end":{"line":15,"column":25}},"8":{"start":{"line":16,"column":6},"end":{"line":19,"column":7}},"9":{"start":{"line":17,"column":8},"end":{"line":17,"column":46}},"10":{"start":{"line":18,"column":8},"end":{"line":18,"column":54}},"11":{"start":{"line":21,"column":6},"end":{"line":21,"column":36}}},"fnMap":{"0":{"name":"(anonymous_0)","decl":{"start":{"line":9,"column":35},"end":{"line":9,"column":36}},"loc":{"start":{"line":9,"column":51},"end":{"line":24,"column":1}}},"1":{"name":"(anonymous_1)","decl":{"start":{"line":10,"column":9},"end":{"line":10,"column":14}},"loc":{"start":{"line":10,"column":34},"end":{"line":23,"column":3}}}},"branchMap":{"0":{"loc":{"start":{"line":16,"column":6},"end":{"line":19,"column":7}},"type":"if","locations":[{"start":{"line":16,"column":6},"end":{"line":19,"column":7}}]}},"s":{"0":0,"1":0,"2":0,"3":0,"4":0,"5":0,"6":0,"7":0,"8":0,"9":0,"10":0,"11":0},"f":{"0":0,"1":0},"b":{"0":[0]}}
,"C:\\Users\\CLOUD\\OneDrive - Cloud Desk Technology\\Documents\\GitHub\\pravin-on-cloud\\Gcp_Cloud_Docgen\\src\\config\\config.ts": {"path":"C:\\Users\\CLOUD\\OneDrive - Cloud Desk Technology\\Documents\\GitHub\\pravin-on-cloud\\Gcp_Cloud_Docgen\\src\\config\\config.ts","statementMap":{"0":{"start":{"line":1,"column":0},"end":{"line":1,"column":28}},"1":{"start":{"line":3,"column":0},"end":{"line":3,"column":16}},"2":{"start":{"line":5,"column":13},"end":{"line":5,"column":29}},"3":{"start":{"line":6,"column":13},"end":{"line":6,"column":43}},"4":{"start":{"line":7,"column":13},"end":{"line":7,"column":47}},"5":{"start":{"line":8,"column":13},"end":{"line":8,"column":51}},"6":{"start":{"line":9,"column":13},"end":{"line":9,"column":53}},"7":{"start":{"line":11,"column":0},"end":{"line":14,"column":1}},"8":{"start":{"line":12,"column":2},"end":{"line":12,"column":68}},"9":{"start":{"line":13,"column":2},"end":{"line":13,"column":18}},"10":{"start":{"line":16,"column":13},"end":{"line":16,"column":33}}},"fnMap":{},"branchMap":{"0":{"loc":{"start":{"line":11,"column":0},"end":{"line":14,"column":1}},"type":"if","locations":[{"start":{"line":11,"column":0},"end":{"line":14,"column":1}}]}},"s":{"0":1,"1":1,"2":1,"3":1,"4":1,"5":1,"6":1,"7":1,"8":0,"9":0,"10":1},"f":{},"b":{"0":[0]}}
,"C:\\Users\\CLOUD\\OneDrive - Cloud Desk Technology\\Documents\\GitHub\\pravin-on-cloud\\Gcp_Cloud_Docgen\\src\\controller\\document.controller.ts": {"path":"C:\\Users\\CLOUD\\OneDrive - Cloud Desk Technology\\Documents\\GitHub\\pravin-on-cloud\\Gcp_Cloud_Docgen\\src\\controller\\document.controller.ts","statementMap":{"0":{"start":{"line":3,"column":34},"end":{"line":33,"column":2}},"1":{"start":{"line":11,"column":4},"end":{"line":31,"column":5}},"2":{"start":{"line":12,"column":6},"end":{"line":12,"column":44}},"3":{"start":{"line":15,"column":21},"end":{"line":16,"column":null}},"4":{"start":{"line":20,"column":6},"end":{"line":26,"column":7}},"5":{"start":{"line":21,"column":8},"end":{"line":21,"column":64}},"6":{"start":{"line":22,"column":8},"end":{"line":22,"column":52}},"7":{"start":{"line":24,"column":8},"end":{"line":24,"column":66}},"8":{"start":{"line":25,"column":8},"end":{"line":25,"column":50}},"9":{"start":{"line":29,"column":6},"end":{"line":29,"column":80}},"10":{"start":{"line":30,"column":6},"end":{"line":30,"column":18}}},"fnMap":{"0":{"name":"(anonymous_0)","decl":{"start":{"line":10,"column":2},"end":{"line":10,"column":7}},"loc":{"start":{"line":10,"column":38},"end":{"line":32,"column":3}}}},"branchMap":{"0":{"loc":{"start":{"line":20,"column":6},"end":{"line":26,"column":7}},"type":"if","locations":[{"start":{"line":20,"column":6},"end":{"line":26,"column":7}},{"start":{"line":23,"column":13},"end":{"line":26,"column":7}}]}},"s":{"0":0,"1":0,"2":0,"3":0,"4":0,"5":0,"6":0,"7":0,"8":0,"9":0,"10":0},"f":{"0":0},"b":{"0":[0,0]}}
,"C:\\Users\\CLOUD\\OneDrive - Cloud Desk Technology\\Documents\\GitHub\\pravin-on-cloud\\Gcp_Cloud_Docgen\\src\\controller\\fileFetch.controller.ts": {"path":"C:\\Users\\CLOUD\\OneDrive - Cloud Desk Technology\\Documents\\GitHub\\pravin-on-cloud\\Gcp_Cloud_Docgen\\src\\controller\\fileFetch.controller.ts","statementMap":{"0":{"start":{"line":3,"column":34},"end":{"line":32,"column":2}},"1":{"start":{"line":13,"column":4},"end":{"line":30,"column":5}},"2":{"start":{"line":15,"column":43},"end":{"line":15,"column":49}},"3":{"start":{"line":18,"column":27},"end":{"line":22,"column":null}},"4":{"start":{"line":25,"column":6},"end":{"line":25,"column":66}},"5":{"start":{"line":26,"column":6},"end":{"line":26,"column":26}},"6":{"start":{"line":28,"column":6},"end":{"line":28,"column":55}},"7":{"start":{"line":29,"column":6},"end":{"line":29,"column":48}}},"fnMap":{"0":{"name":"(anonymous_0)","decl":{"start":{"line":12,"column":2},"end":{"line":12,"column":7}},"loc":{"start":{"line":12,"column":56},"end":{"line":31,"column":3}}}},"branchMap":{},"s":{"0":0,"1":0,"2":0,"3":0,"4":0,"5":0,"6":0,"7":0},"f":{"0":0},"b":{}}
,"C:\\Users\\CLOUD\\OneDrive - Cloud Desk Technology\\Documents\\GitHub\\pravin-on-cloud\\Gcp_Cloud_Docgen\\src\\controller\\sfauth.controller.ts": {"path":"C:\\Users\\CLOUD\\OneDrive - Cloud Desk Technology\\Documents\\GitHub\\pravin-on-cloud\\Gcp_Cloud_Docgen\\src\\controller\\sfauth.controller.ts","statementMap":{"0":{"start":{"line":11,"column":32},"end":{"line":34,"column":2}},"1":{"start":{"line":22,"column":4},"end":{"line":32,"column":5}},"2":{"start":{"line":23,"column":30},"end":{"line":25,"column":null}},"3":{"start":{"line":27,"column":6},"end":{"line":27,"column":61}},"4":{"start":{"line":28,"column":6},"end":{"line":28,"column":39}},"5":{"start":{"line":30,"column":6},"end":{"line":30,"column":70}},"6":{"start":{"line":31,"column":6},"end":{"line":31,"column":48}}},"fnMap":{"0":{"name":"(anonymous_0)","decl":{"start":{"line":18,"column":2},"end":{"line":18,"column":7}},"loc":{"start":{"line":20,"column":20},"end":{"line":33,"column":3}}}},"branchMap":{},"s":{"0":0,"1":0,"2":0,"3":0,"4":0,"5":0,"6":0},"f":{"0":0},"b":{}}
,"C:\\Users\\CLOUD\\OneDrive - Cloud Desk Technology\\Documents\\GitHub\\pravin-on-cloud\\Gcp_Cloud_Docgen\\src\\controller\\sfcredential.controller.ts": {"path":"C:\\Users\\CLOUD\\OneDrive - Cloud Desk Technology\\Documents\\GitHub\\pravin-on-cloud\\Gcp_Cloud_Docgen\\src\\controller\\sfcredential.controller.ts","statementMap":{"0":{"start":{"line":11,"column":38},"end":{"line":42,"column":2}},"1":{"start":{"line":21,"column":4},"end":{"line":40,"column":5}},"2":{"start":{"line":23,"column":41},"end":{"line":23,"column":74}},"3":{"start":{"line":24,"column":6},"end":{"line":24,"column":48}},"4":{"start":{"line":28,"column":8},"end":{"line":28,"column":70}},"5":{"start":{"line":31,"column":6},"end":{"line":33,"column":7}},"6":{"start":{"line":32,"column":8},"end":{"line":32,"column":56}},"7":{"start":{"line":36,"column":6},"end":{"line":36,"column":68}},"8":{"start":{"line":39,"column":6},"end":{"line":39,"column":44}}},"fnMap":{"0":{"name":"(anonymous_0)","decl":{"start":{"line":17,"column":2},"end":{"line":17,"column":7}},"loc":{"start":{"line":19,"column":23},"end":{"line":41,"column":3}}}},"branchMap":{"0":{"loc":{"start":{"line":31,"column":6},"end":{"line":33,"column":7}},"type":"if","locations":[{"start":{"line":31,"column":6},"end":{"line":33,"column":7}}]}},"s":{"0":0,"1":0,"2":0,"3":0,"4":0,"5":0,"6":0,"7":0,"8":0},"f":{"0":0},"b":{"0":[0]}}
,"C:\\Users\\CLOUD\\OneDrive - Cloud Desk Technology\\Documents\\GitHub\\pravin-on-cloud\\Gcp_Cloud_Docgen\\src\\router\\router.ts": {"path":"C:\\Users\\CLOUD\\OneDrive - Cloud Desk Technology\\Documents\\GitHub\\pravin-on-cloud\\Gcp_Cloud_Docgen\\src\\router\\router.ts","statementMap":{"0":{"start":{"line":9,"column":28},"end":{"line":37,"column":1}},"1":{"start":{"line":11,"column":2},"end":{"line":14,"column":5}},"2":{"start":{"line":12,"column":4},"end":{"line":12,"column":39}},"3":{"start":{"line":13,"column":4},"end":{"line":13,"column":38}},"4":{"start":{"line":17,"column":2},"end":{"line":24,"column":4}},"5":{"start":{"line":27,"column":2},"end":{"line":34,"column":4}},"6":{"start":{"line":36,"column":2},"end":{"line":36,"column":9}}},"fnMap":{"0":{"name":"(anonymous_0)","decl":{"start":{"line":9,"column":28},"end":{"line":9,"column":29}},"loc":{"start":{"line":9,"column":55},"end":{"line":37,"column":1}}},"1":{"name":"(anonymous_1)","decl":{"start":{"line":11,"column":19},"end":{"line":11,"column":20}},"loc":{"start":{"line":11,"column":38},"end":{"line":14,"column":3}}}},"branchMap":{},"s":{"0":0,"1":0,"2":0,"3":0,"4":0,"5":0,"6":0},"f":{"0":0,"1":0},"b":{}}
,"C:\\Users\\CLOUD\\OneDrive - Cloud Desk Technology\\Documents\\GitHub\\pravin-on-cloud\\Gcp_Cloud_Docgen\\src\\schema\\sfuserdatavalidation.ts": {"path":"C:\\Users\\CLOUD\\OneDrive - Cloud Desk Technology\\Documents\\GitHub\\pravin-on-cloud\\Gcp_Cloud_Docgen\\src\\schema\\sfuserdatavalidation.ts","statementMap":{"0":{"start":{"line":4,"column":29},"end":{"line":10,"column":2}},"1":{"start":{"line":4,"column":62},"end":{"line":10,"column":2}},"2":{"start":{"line":12,"column":29},"end":{"line":13,"column":77}},"3":{"start":{"line":13,"column":2},"end":{"line":13,"column":77}},"4":{"start":{"line":13,"column":43},"end":{"line":13,"column":75}},"5":{"start":{"line":16,"column":38},"end":{"line":64,"column":2}}},"fnMap":{"0":{"name":"(anonymous_0)","decl":{"start":{"line":4,"column":29},"end":{"line":4,"column":30}},"loc":{"start":{"line":4,"column":62},"end":{"line":10,"column":2}}},"1":{"name":"(anonymous_1)","decl":{"start":{"line":12,"column":29},"end":{"line":12,"column":30}},"loc":{"start":{"line":13,"column":2},"end":{"line":13,"column":77}}},"2":{"name":"(anonymous_2)","decl":{"start":{"line":13,"column":32},"end":{"line":13,"column":33}},"loc":{"start":{"line":13,"column":43},"end":{"line":13,"column":75}}}},"branchMap":{"0":{"loc":{"start":{"line":6,"column":6},"end":{"line":6,"column":75}},"type":"binary-expr","locations":[{"start":{"line":6,"column":6},"end":{"line":6,"column":21}},{"start":{"line":6,"column":25},"end":{"line":6,"column":75}}]},"1":{"loc":{"start":{"line":7,"column":6},"end":{"line":7,"column":68}},"type":"binary-expr","locations":[{"start":{"line":7,"column":6},"end":{"line":7,"column":23}},{"start":{"line":7,"column":27},"end":{"line":7,"column":68}}]},"2":{"loc":{"start":{"line":8,"column":6},"end":{"line":8,"column":80}},"type":"binary-expr","locations":[{"start":{"line":8,"column":6},"end":{"line":8,"column":20}},{"start":{"line":8,"column":24},"end":{"line":8,"column":80}}]},"3":{"loc":{"start":{"line":9,"column":6},"end":{"line":9,"column":60}},"type":"binary-expr","locations":[{"start":{"line":9,"column":6},"end":{"line":9,"column":19}},{"start":{"line":9,"column":23},"end":{"line":9,"column":60}}]}},"s":{"0":0,"1":0,"2":0,"3":0,"4":0,"5":0},"f":{"0":0,"1":0,"2":0},"b":{"0":[0,0],"1":[0,0],"2":[0,0],"3":[0,0]}}
,"C:\\Users\\CLOUD\\OneDrive - Cloud Desk Technology\\Documents\\GitHub\\pravin-on-cloud\\Gcp_Cloud_Docgen\\src\\schema\\validateSalesforceData.ts": {"path":"C:\\Users\\CLOUD\\OneDrive - Cloud Desk Technology\\Documents\\GitHub\\pravin-on-cloud\\Gcp_Cloud_Docgen\\src\\schema\\validateSalesforceData.ts","statementMap":{"0":{"start":{"line":3,"column":41},"end":{"line":33,"column":2}}},"fnMap":{},"branchMap":{},"s":{"0":0},"f":{},"b":{}}
,"C:\\Users\\CLOUD\\OneDrive - Cloud Desk Technology\\Documents\\GitHub\\pravin-on-cloud\\Gcp_Cloud_Docgen\\src\\service\\gcp\\secretManager.service.ts": {"path":"C:\\Users\\CLOUD\\OneDrive - Cloud Desk Technology\\Documents\\GitHub\\pravin-on-cloud\\Gcp_Cloud_Docgen\\src\\service\\gcp\\secretManager.service.ts","statementMap":{"0":{"start":{"line":3,"column":19},"end":{"line":3,"column":43}},"1":{"start":{"line":4,"column":36},"end":{"line":4,"column":37}},"2":{"start":{"line":6,"column":21},"end":{"line":8,"column":2}},"3":{"start":{"line":18,"column":2},"end":{"line":18,"column":50}},"4":{"start":{"line":19,"column":2},"end":{"line":25,"column":3}},"5":{"start":{"line":20,"column":21},"end":{"line":20,"column":75}},"6":{"start":{"line":21,"column":4},"end":{"line":21,"column":34}},"7":{"start":{"line":22,"column":4},"end":{"line":22,"column":18}},"8":{"start":{"line":24,"column":4},"end":{"line":24,"column":15}},"9":{"start":{"line":36,"column":2},"end":{"line":48,"column":3}},"10":{"start":{"line":37,"column":4},"end":{"line":45,"column":7}},"11":{"start":{"line":47,"column":4},"end":{"line":47,"column":17}},"12":{"start":{"line":60,"column":2},"end":{"line":70,"column":3}},"13":{"start":{"line":61,"column":22},"end":{"line":66,"column":6}},"14":{"start":{"line":67,"column":4},"end":{"line":67,"column":24}},"15":{"start":{"line":69,"column":4},"end":{"line":69,"column":24}},"16":{"start":{"line":85,"column":17},"end":{"line":85,"column":27}},"17":{"start":{"line":86,"column":25},"end":{"line":86,"column":53}},"18":{"start":{"line":88,"column":2},"end":{"line":105,"column":3}},"19":{"start":{"line":89,"column":4},"end":{"line":89,"column":36}},"20":{"start":{"line":90,"column":4},"end":{"line":90,"column":68}},"21":{"start":{"line":92,"column":4},"end":{"line":104,"column":5}},"22":{"start":{"line":93,"column":6},"end":{"line":93,"column":70}},"23":{"start":{"line":94,"column":6},"end":{"line":100,"column":7}},"24":{"start":{"line":95,"column":8},"end":{"line":95,"column":42}},"25":{"start":{"line":96,"column":8},"end":{"line":96,"column":33}},"26":{"start":{"line":98,"column":8},"end":{"line":98,"column":55}},"27":{"start":{"line":99,"column":8},"end":{"line":99,"column":32}},"28":{"start":{"line":102,"column":6},"end":{"line":102,"column":46}},"29":{"start":{"line":103,"column":6},"end":{"line":103,"column":28}},"30":{"start":{"line":107,"column":2},"end":{"line":114,"column":3}},"31":{"start":{"line":108,"column":24},"end":{"line":108,"column":75}},"32":{"start":{"line":109,"column":4},"end":{"line":109,"column":59}},"33":{"start":{"line":110,"column":4},"end":{"line":110,"column":23}},"34":{"start":{"line":112,"column":4},"end":{"line":112,"column":63}},"35":{"start":{"line":113,"column":4},"end":{"line":113,"column":35}},"36":{"start":{"line":124,"column":25},"end":{"line":124,"column":73}},"37":{"start":{"line":126,"column":2},"end":{"line":135,"column":3}},"38":{"start":{"line":127,"column":29},"end":{"line":129,"column":6}},"39":{"start":{"line":130,"column":26},"end":{"line":130,"column":66}},"40":{"start":{"line":131,"column":4},"end":{"line":131,"column":25}},"41":{"start":{"line":133,"column":4},"end":{"line":133,"column":56}},"42":{"start":{"line":134,"column":4},"end":{"line":134,"column":26}},"43":{"start":{"line":138,"column":47},"end":{"line":138,"column":49}},"44":{"start":{"line":147,"column":2},"end":{"line":149,"column":3}},"45":{"start":{"line":148,"column":4},"end":{"line":148,"column":30}},"46":{"start":{"line":151,"column":25},"end":{"line":151,"column":73}},"47":{"start":{"line":153,"column":2},"end":{"line":165,"column":3}},"48":{"start":{"line":154,"column":29},"end":{"line":156,"column":6}},"49":{"start":{"line":157,"column":26},"end":{"line":157,"column":66}},"50":{"start":{"line":158,"column":4},"end":{"line":160,"column":5}},"51":{"start":{"line":159,"column":6},"end":{"line":159,"column":41}},"52":{"start":{"line":161,"column":4},"end":{"line":161,"column":25}},"53":{"start":{"line":163,"column":4},"end":{"line":163,"column":56}},"54":{"start":{"line":164,"column":4},"end":{"line":164,"column":26}}},"fnMap":{"0":{"name":"getSecret","decl":{"start":{"line":17,"column":15},"end":{"line":17,"column":24}},"loc":{"start":{"line":17,"column":47},"end":{"line":26,"column":1}}},"1":{"name":"createSecret","decl":{"start":{"line":35,"column":15},"end":{"line":35,"column":27}},"loc":{"start":{"line":35,"column":60},"end":{"line":49,"column":1}}},"2":{"name":"addSecretVersion","decl":{"start":{"line":59,"column":15},"end":{"line":59,"column":31}},"loc":{"start":{"line":59,"column":75},"end":{"line":71,"column":1}}},"3":{"name":"storeSecret","decl":{"start":{"line":84,"column":22},"end":{"line":84,"column":33}},"loc":{"start":{"line":84,"column":68},"end":{"line":115,"column":1}}},"4":{"name":"getSecretValue","decl":{"start":{"line":123,"column":22},"end":{"line":123,"column":36}},"loc":{"start":{"line":123,"column":50},"end":{"line":136,"column":1}}},"5":{"name":"getSecretValueWithCache","decl":{"start":{"line":146,"column":22},"end":{"line":146,"column":45}},"loc":{"start":{"line":146,"column":59},"end":{"line":166,"column":1}}}},"branchMap":{"0":{"loc":{"start":{"line":92,"column":4},"end":{"line":104,"column":5}},"type":"if","locations":[{"start":{"line":92,"column":4},"end":{"line":104,"column":5}},{"start":{"line":101,"column":11},"end":{"line":104,"column":5}}]},"1":{"loc":{"start":{"line":147,"column":2},"end":{"line":149,"column":3}},"type":"if","locations":[{"start":{"line":147,"column":2},"end":{"line":149,"column":3}}]},"2":{"loc":{"start":{"line":158,"column":4},"end":{"line":160,"column":5}},"type":"if","locations":[{"start":{"line":158,"column":4},"end":{"line":160,"column":5}}]}},"s":{"0":0,"1":0,"2":0,"3":0,"4":0,"5":0,"6":0,"7":0,"8":0,"9":0,"10":0,"11":0,"12":0,"13":0,"14":0,"15":0,"16":0,"17":0,"18":0,"19":0,"20":0,"21":0,"22":0,"23":0,"24":0,"25":0,"26":0,"27":0,"28":0,"29":0,"30":0,"31":0,"32":0,"33":0,"34":0,"35":0,"36":0,"37":0,"38":0,"39":0,"40":0,"41":0,"42":0,"43":0,"44":0,"45":0,"46":0,"47":0,"48":0,"49":0,"50":0,"51":0,"52":0,"53":0,"54":0},"f":{"0":0,"1":0,"2":0,"3":0,"4":0,"5":0},"b":{"0":[0,0],"1":[0],"2":[0]}}
,"C:\\Users\\CLOUD\\OneDrive - Cloud Desk Technology\\Documents\\GitHub\\pravin-on-cloud\\Gcp_Cloud_Docgen\\src\\service\\processDocument\\document.service.ts": {"path":"C:\\Users\\CLOUD\\OneDrive - Cloud Desk Technology\\Documents\\GitHub\\pravin-on-cloud\\Gcp_Cloud_Docgen\\src\\service\\processDocument\\document.service.ts","statementMap":{"0":{"start":{"line":8,"column":38},"end":{"line":89,"column":2}},"1":{"start":{"line":15,"column":22},"end":{"line":15,"column":36}},"2":{"start":{"line":16,"column":4},"end":{"line":16,"column":51}},"3":{"start":{"line":19,"column":6},"end":{"line":19,"column":18}},"4":{"start":{"line":20,"column":4},"end":{"line":20,"column":56}},"5":{"start":{"line":24,"column":4},"end":{"line":30,"column":5}},"6":{"start":{"line":25,"column":6},"end":{"line":25,"column":68}},"7":{"start":{"line":26,"column":6},"end":{"line":26,"column":63}},"8":{"start":{"line":28,"column":6},"end":{"line":28,"column":63}},"9":{"start":{"line":29,"column":6},"end":{"line":29,"column":59}},"10":{"start":{"line":34,"column":4},"end":{"line":44,"column":5}},"11":{"start":{"line":35,"column":6},"end":{"line":39,"column":8}},"12":{"start":{"line":40,"column":6},"end":{"line":40,"column":61}},"13":{"start":{"line":42,"column":6},"end":{"line":42,"column":55}},"14":{"start":{"line":43,"column":6},"end":{"line":43,"column":51}},"15":{"start":{"line":46,"column":29},"end":{"line":46,"column":76}},"16":{"start":{"line":47,"column":4},"end":{"line":47,"column":65}},"17":{"start":{"line":51,"column":4},"end":{"line":61,"column":5}},"18":{"start":{"line":52,"column":6},"end":{"line":56,"column":8}},"19":{"start":{"line":57,"column":6},"end":{"line":57,"column":72}},"20":{"start":{"line":59,"column":6},"end":{"line":59,"column":57}},"21":{"start":{"line":60,"column":6},"end":{"line":60,"column":53}},"22":{"start":{"line":64,"column":4},"end":{"line":85,"column":5}},"23":{"start":{"line":65,"column":28},"end":{"line":68,"column":null}},"24":{"start":{"line":67,"column":10},"end":{"line":67,"column":53}},"25":{"start":{"line":70,"column":6},"end":{"line":73,"column":8}},"26":{"start":{"line":74,"column":6},"end":{"line":78,"column":7}},"27":{"start":{"line":74,"column":42},"end":{"line":74,"column":56}},"28":{"start":{"line":75,"column":8},"end":{"line":77,"column":10}},"29":{"start":{"line":76,"column":10},"end":{"line":76,"column":33}},"30":{"start":{"line":79,"column":6},"end":{"line":81,"column":7}},"31":{"start":{"line":79,"column":42},"end":{"line":79,"column":56}},"32":{"start":{"line":80,"column":8},"end":{"line":80,"column":49}},"33":{"start":{"line":83,"column":6},"end":{"line":83,"column":70}},"34":{"start":{"line":84,"column":6},"end":{"line":84,"column":66}},"35":{"start":{"line":87,"column":4},"end":{"line":87,"column":37}}},"fnMap":{"0":{"name":"(anonymous_0)","decl":{"start":{"line":14,"column":2},"end":{"line":14,"column":7}},"loc":{"start":{"line":14,"column":37},"end":{"line":88,"column":3}}},"1":{"name":"(anonymous_1)","decl":{"start":{"line":66,"column":43},"end":{"line":66,"column":44}},"loc":{"start":{"line":67,"column":10},"end":{"line":67,"column":53}}},"2":{"name":"(anonymous_2)","decl":{"start":{"line":74,"column":30},"end":{"line":74,"column":31}},"loc":{"start":{"line":74,"column":42},"end":{"line":74,"column":56}}},"3":{"name":"(anonymous_3)","decl":{"start":{"line":75,"column":47},"end":{"line":75,"column":48}},"loc":{"start":{"line":76,"column":10},"end":{"line":76,"column":33}}},"4":{"name":"(anonymous_4)","decl":{"start":{"line":79,"column":30},"end":{"line":79,"column":31}},"loc":{"start":{"line":79,"column":42},"end":{"line":79,"column":56}}}},"branchMap":{"0":{"loc":{"start":{"line":74,"column":6},"end":{"line":78,"column":7}},"type":"if","locations":[{"start":{"line":74,"column":6},"end":{"line":78,"column":7}}]},"1":{"loc":{"start":{"line":79,"column":6},"end":{"line":81,"column":7}},"type":"if","locations":[{"start":{"line":79,"column":6},"end":{"line":81,"column":7}}]}},"s":{"0":0,"1":0,"2":0,"3":0,"4":0,"5":0,"6":0,"7":0,"8":0,"9":0,"10":0,"11":0,"12":0,"13":0,"14":0,"15":0,"16":0,"17":0,"18":0,"19":0,"20":0,"21":0,"22":0,"23":0,"24":0,"25":0,"26":0,"27":0,"28":0,"29":0,"30":0,"31":0,"32":0,"33":0,"34":0,"35":0},"f":{"0":0,"1":0,"2":0,"3":0,"4":0},"b":{"0":[0],"1":[0]}}
,"C:\\Users\\CLOUD\\OneDrive - Cloud Desk Technology\\Documents\\GitHub\\pravin-on-cloud\\Gcp_Cloud_Docgen\\src\\service\\processDocument\\helperMethods\\generateDocument.ts": {"path":"C:\\Users\\CLOUD\\OneDrive - Cloud Desk Technology\\Documents\\GitHub\\pravin-on-cloud\\Gcp_Cloud_Docgen\\src\\service\\processDocument\\helperMethods\\generateDocument.ts","statementMap":{"0":{"start":{"line":8,"column":18},"end":{"line":8,"column":33}},"1":{"start":{"line":9,"column":18},"end":{"line":9,"column":32}},"2":{"start":{"line":17,"column":33},"end":{"line":37,"column":1}},"3":{"start":{"line":21,"column":2},"end":{"line":36,"column":3}},"4":{"start":{"line":22,"column":28},"end":{"line":22,"column":69}},"5":{"start":{"line":23,"column":16},"end":{"line":23,"column":43}},"6":{"start":{"line":24,"column":16},"end":{"line":27,"column":6}},"7":{"start":{"line":29,"column":4},"end":{"line":29,"column":27}},"8":{"start":{"line":30,"column":4},"end":{"line":30,"column":17}},"9":{"start":{"line":32,"column":4},"end":{"line":32,"column":57}},"10":{"start":{"line":34,"column":4},"end":{"line":34,"column":51}},"11":{"start":{"line":35,"column":4},"end":{"line":35,"column":16}},"12":{"start":{"line":46,"column":31},"end":{"line":74,"column":1}},"13":{"start":{"line":51,"column":23},"end":{"line":51,"column":63}},"14":{"start":{"line":52,"column":22},"end":{"line":52,"column":61}},"15":{"start":{"line":54,"column":2},"end":{"line":73,"column":3}},"16":{"start":{"line":55,"column":4},"end":{"line":55,"column":49}},"17":{"start":{"line":57,"column":4},"end":{"line":59,"column":6}},"18":{"start":{"line":61,"column":4},"end":{"line":63,"column":5}},"19":{"start":{"line":62,"column":6},"end":{"line":62,"column":51}},"20":{"start":{"line":65,"column":28},"end":{"line":65,"column":69}},"21":{"start":{"line":66,"column":4},"end":{"line":66,"column":34}},"22":{"start":{"line":68,"column":4},"end":{"line":68,"column":27}},"23":{"start":{"line":70,"column":4},"end":{"line":70,"column":68}},"24":{"start":{"line":71,"column":4},"end":{"line":71,"column":34}},"25":{"start":{"line":72,"column":4},"end":{"line":72,"column":70}},"26":{"start":{"line":83,"column":40},"end":{"line":121,"column":1}},"27":{"start":{"line":88,"column":2},"end":{"line":120,"column":3}},"28":{"start":{"line":89,"column":22},"end":{"line":89,"column":55}},"29":{"start":{"line":91,"column":4},"end":{"line":95,"column":5}},"30":{"start":{"line":92,"column":6},"end":{"line":92,"column":32}},"31":{"start":{"line":94,"column":6},"end":{"line":94,"column":43}},"32":{"start":{"line":94,"column":33},"end":{"line":94,"column":43}},"33":{"start":{"line":97,"column":35},"end":{"line":97,"column":37}},"34":{"start":{"line":98,"column":23},"end":{"line":98,"column":62}},"35":{"start":{"line":100,"column":4},"end":{"line":114,"column":5}},"36":{"start":{"line":100,"column":17},"end":{"line":100,"column":18}},"37":{"start":{"line":101,"column":24},"end":{"line":101,"column":42}},"38":{"start":{"line":102,"column":25},"end":{"line":104,"column":null}},"39":{"start":{"line":107,"column":30},"end":{"line":110,"column":null}},"40":{"start":{"line":113,"column":6},"end":{"line":113,"column":41}},"41":{"start":{"line":116,"column":4},"end":{"line":116,"column":28}},"42":{"start":{"line":118,"column":4},"end":{"line":118,"column":65}},"43":{"start":{"line":119,"column":4},"end":{"line":119,"column":16}}},"fnMap":{"0":{"name":"(anonymous_0)","decl":{"start":{"line":17,"column":33},"end":{"line":17,"column":38}},"loc":{"start":{"line":20,"column":21},"end":{"line":37,"column":1}}},"1":{"name":"(anonymous_1)","decl":{"start":{"line":46,"column":31},"end":{"line":46,"column":36}},"loc":{"start":{"line":50,"column":21},"end":{"line":74,"column":1}}},"2":{"name":"(anonymous_2)","decl":{"start":{"line":83,"column":40},"end":{"line":83,"column":45}},"loc":{"start":{"line":87,"column":41},"end":{"line":121,"column":1}}}},"branchMap":{"0":{"loc":{"start":{"line":61,"column":4},"end":{"line":63,"column":5}},"type":"if","locations":[{"start":{"line":61,"column":4},"end":{"line":63,"column":5}}]},"1":{"loc":{"start":{"line":94,"column":6},"end":{"line":94,"column":43}},"type":"if","locations":[{"start":{"line":94,"column":6},"end":{"line":94,"column":43}}]}},"s":{"0":0,"1":0,"2":0,"3":0,"4":0,"5":0,"6":0,"7":0,"8":0,"9":0,"10":0,"11":0,"12":0,"13":0,"14":0,"15":0,"16":0,"17":0,"18":0,"19":0,"20":0,"21":0,"22":0,"23":0,"24":0,"25":0,"26":0,"27":0,"28":0,"29":0,"30":0,"31":0,"32":0,"33":0,"34":0,"35":0,"36":0,"37":0,"38":0,"39":0,"40":0,"41":0,"42":0,"43":0},"f":{"0":0,"1":0,"2":0},"b":{"0":[0],"1":[0]}}
,"C:\\Users\\CLOUD\\OneDrive - Cloud Desk Technology\\Documents\\GitHub\\pravin-on-cloud\\Gcp_Cloud_Docgen\\src\\service\\sf\\auth.service.ts": {"path":"C:\\Users\\CLOUD\\OneDrive - Cloud Desk Technology\\Documents\\GitHub\\pravin-on-cloud\\Gcp_Cloud_Docgen\\src\\service\\sf\\auth.service.ts","statementMap":{"0":{"start":{"line":20,"column":37},"end":{"line":25,"column":2}},"1":{"start":{"line":28,"column":37},"end":{"line":28,"column":41}},"2":{"start":{"line":29,"column":38},"end":{"line":29,"column":42}},"3":{"start":{"line":30,"column":38},"end":{"line":30,"column":42}},"4":{"start":{"line":37,"column":37},"end":{"line":50,"column":1}},"5":{"start":{"line":39,"column":2},"end":{"line":49,"column":3}},"6":{"start":{"line":40,"column":19},"end":{"line":40,"column":46}},"7":{"start":{"line":41,"column":4},"end":{"line":46,"column":5}},"8":{"start":{"line":43,"column":6},"end":{"line":43,"column":22}},"9":{"start":{"line":45,"column":6},"end":{"line":45,"column":70}},"10":{"start":{"line":48,"column":4},"end":{"line":48,"column":66}},"11":{"start":{"line":56,"column":23},"end":{"line":61,"column":1}},"12":{"start":{"line":57,"column":2},"end":{"line":59,"column":3}},"13":{"start":{"line":58,"column":4},"end":{"line":58,"column":75}},"14":{"start":{"line":60,"column":2},"end":{"line":60,"column":25}},"15":{"start":{"line":69,"column":20},"end":{"line":82,"column":1}},"16":{"start":{"line":74,"column":17},"end":{"line":79,"column":4}},"17":{"start":{"line":81,"column":2},"end":{"line":81,"column":62}},"18":{"start":{"line":89,"column":30},"end":{"line":129,"column":1}},"19":{"start":{"line":94,"column":2},"end":{"line":128,"column":3}},"20":{"start":{"line":95,"column":21},"end":{"line":95,"column":62}},"21":{"start":{"line":96,"column":23},"end":{"line":96,"column":45}},"22":{"start":{"line":97,"column":21},"end":{"line":97,"column":64}},"23":{"start":{"line":99,"column":19},"end":{"line":102,"column":6}},"24":{"start":{"line":104,"column":21},"end":{"line":104,"column":65}},"25":{"start":{"line":106,"column":4},"end":{"line":106,"column":50}},"26":{"start":{"line":107,"column":4},"end":{"line":107,"column":50}},"27":{"start":{"line":109,"column":4},"end":{"line":112,"column":6}},"28":{"start":{"line":115,"column":4},"end":{"line":115,"column":28}},"29":{"start":{"line":116,"column":4},"end":{"line":116,"column":28}},"30":{"start":{"line":119,"column":6},"end":{"line":121,"column":34}},"31":{"start":{"line":123,"column":4},"end":{"line":127,"column":6}},"32":{"start":{"line":136,"column":23},"end":{"line":148,"column":1}},"33":{"start":{"line":140,"column":2},"end":{"line":142,"column":3}},"34":{"start":{"line":141,"column":4},"end":{"line":141,"column":50}},"35":{"start":{"line":144,"column":2},"end":{"line":147,"column":4}},"36":{"start":{"line":153,"column":25},"end":{"line":156,"column":1}},"37":{"start":{"line":154,"column":2},"end":{"line":154,"column":26}},"38":{"start":{"line":155,"column":2},"end":{"line":155,"column":26}},"39":{"start":{"line":158,"column":29},"end":{"line":161,"column":2}}},"fnMap":{"0":{"name":"(anonymous_0)","decl":{"start":{"line":37,"column":37},"end":{"line":37,"column":42}},"loc":{"start":{"line":37,"column":78},"end":{"line":50,"column":1}}},"1":{"name":"(anonymous_1)","decl":{"start":{"line":56,"column":23},"end":{"line":56,"column":28}},"loc":{"start":{"line":56,"column":51},"end":{"line":61,"column":1}}},"2":{"name":"(anonymous_2)","decl":{"start":{"line":69,"column":20},"end":{"line":69,"column":null}},"loc":{"start":{"line":73,"column":12},"end":{"line":82,"column":1}}},"3":{"name":"(anonymous_3)","decl":{"start":{"line":89,"column":30},"end":{"line":89,"column":35}},"loc":{"start":{"line":92,"column":25},"end":{"line":129,"column":1}}},"4":{"name":"(anonymous_4)","decl":{"start":{"line":136,"column":23},"end":{"line":136,"column":28}},"loc":{"start":{"line":139,"column":25},"end":{"line":148,"column":1}}},"5":{"name":"(anonymous_5)","decl":{"start":{"line":153,"column":25},"end":{"line":153,"column":34}},"loc":{"start":{"line":153,"column":36},"end":{"line":156,"column":1}}}},"branchMap":{"0":{"loc":{"start":{"line":23,"column":4},"end":{"line":23,"column":55}},"type":"binary-expr","locations":[{"start":{"line":23,"column":4},"end":{"line":23,"column":35}},{"start":{"line":23,"column":39},"end":{"line":23,"column":55}}]},"1":{"loc":{"start":{"line":41,"column":4},"end":{"line":46,"column":5}},"type":"if","locations":[{"start":{"line":41,"column":4},"end":{"line":46,"column":5}},{"start":{"line":44,"column":11},"end":{"line":46,"column":5}}]},"2":{"loc":{"start":{"line":57,"column":2},"end":{"line":59,"column":3}},"type":"if","locations":[{"start":{"line":57,"column":2},"end":{"line":59,"column":3}}]},"3":{"loc":{"start":{"line":119,"column":6},"end":{"line":121,"column":34}},"type":"cond-expr","locations":[{"start":{"line":120,"column":10},"end":{"line":120,"column":66}},{"start":{"line":121,"column":10},"end":{"line":121,"column":34}}]},"4":{"loc":{"start":{"line":120,"column":10},"end":{"line":120,"column":66}},"type":"binary-expr","locations":[{"start":{"line":120,"column":10},"end":{"line":120,"column":49}},{"start":{"line":120,"column":53},"end":{"line":120,"column":66}}]},"5":{"loc":{"start":{"line":140,"column":2},"end":{"line":142,"column":3}},"type":"if","locations":[{"start":{"line":140,"column":2},"end":{"line":142,"column":3}}]}},"s":{"0":0,"1":0,"2":0,"3":0,"4":0,"5":0,"6":0,"7":0,"8":0,"9":0,"10":0,"11":0,"12":0,"13":0,"14":0,"15":0,"16":0,"17":0,"18":0,"19":0,"20":0,"21":0,"22":0,"23":0,"24":0,"25":0,"26":0,"27":0,"28":0,"29":0,"30":0,"31":0,"32":0,"33":0,"34":0,"35":0,"36":0,"37":0,"38":0,"39":0},"f":{"0":0,"1":0,"2":0,"3":0,"4":0,"5":0},"b":{"0":[0,0],"1":[0,0],"2":[0],"3":[0,0],"4":[0,0],"5":[0]}}
,"C:\\Users\\CLOUD\\OneDrive - Cloud Desk Technology\\Documents\\GitHub\\pravin-on-cloud\\Gcp_Cloud_Docgen\\src\\service\\sf\\fileFetch.service.ts": {"path":"C:\\Users\\CLOUD\\OneDrive - Cloud Desk Technology\\Documents\\GitHub\\pravin-on-cloud\\Gcp_Cloud_Docgen\\src\\service\\sf\\fileFetch.service.ts","statementMap":{"0":{"start":{"line":5,"column":32},"end":{"line":95,"column":2}},"1":{"start":{"line":19,"column":22},"end":{"line":19,"column":36}},"2":{"start":{"line":20,"column":23},"end":{"line":20,"column":30}},"3":{"start":{"line":21,"column":23},"end":{"line":24,"column":null}},"4":{"start":{"line":27,"column":4},"end":{"line":52,"column":5}},"5":{"start":{"line":28,"column":23},"end":{"line":30,"column":null}},"6":{"start":{"line":33,"column":23},"end":{"line":33,"column":76}},"7":{"start":{"line":34,"column":31},"end":{"line":34,"column":73}},"8":{"start":{"line":35,"column":6},"end":{"line":35,"column":49}},"9":{"start":{"line":37,"column":6},"end":{"line":37,"column":48}},"10":{"start":{"line":38,"column":6},"end":{"line":42,"column":8}},"11":{"start":{"line":44,"column":6},"end":{"line":47,"column":8}},"12":{"start":{"line":48,"column":6},"end":{"line":51,"column":8}},"13":{"start":{"line":67,"column":4},"end":{"line":67,"column":112}},"14":{"start":{"line":77,"column":4},"end":{"line":82,"column":7}},"15":{"start":{"line":90,"column":22},"end":{"line":90,"column":44}},"16":{"start":{"line":91,"column":4},"end":{"line":93,"column":5}},"17":{"start":{"line":92,"column":6},"end":{"line":92,"column":51}}},"fnMap":{"0":{"name":"(anonymous_0)","decl":{"start":{"line":13,"column":2},"end":{"line":13,"column":7}},"loc":{"start":{"line":17,"column":23},"end":{"line":53,"column":3}}},"1":{"name":"(anonymous_1)","decl":{"start":{"line":62,"column":2},"end":{"line":62,"column":24}},"loc":{"start":{"line":65,"column":28},"end":{"line":68,"column":3}}},"2":{"name":"(anonymous_2)","decl":{"start":{"line":76,"column":2},"end":{"line":76,"column":7}},"loc":{"start":{"line":76,"column":64},"end":{"line":83,"column":3}}},"3":{"name":"(anonymous_3)","decl":{"start":{"line":89,"column":2},"end":{"line":89,"column":7}},"loc":{"start":{"line":89,"column":46},"end":{"line":94,"column":3}}}},"branchMap":{"0":{"loc":{"start":{"line":46,"column":8},"end":{"line":46,"column":60}},"type":"cond-expr","locations":[{"start":{"line":46,"column":25},"end":{"line":46,"column":44}},{"start":{"line":46,"column":47},"end":{"line":46,"column":60}}]},"1":{"loc":{"start":{"line":91,"column":4},"end":{"line":93,"column":5}},"type":"if","locations":[{"start":{"line":91,"column":4},"end":{"line":93,"column":5}}]}},"s":{"0":0,"1":0,"2":0,"3":0,"4":0,"5":0,"6":0,"7":0,"8":0,"9":0,"10":0,"11":0,"12":0,"13":0,"14":0,"15":0,"16":0,"17":0},"f":{"0":0,"1":0,"2":0,"3":0},"b":{"0":[0,0],"1":[0]}}
,"C:\\Users\\CLOUD\\OneDrive - Cloud Desk Technology\\Documents\\GitHub\\pravin-on-cloud\\Gcp_Cloud_Docgen\\src\\service\\sf\\fileUpload.service.ts": {"path":"C:\\Users\\CLOUD\\OneDrive - Cloud Desk Technology\\Documents\\GitHub\\pravin-on-cloud\\Gcp_Cloud_Docgen\\src\\service\\sf\\fileUpload.service.ts","statementMap":{"0":{"start":{"line":10,"column":29},"end":{"line":33,"column":1}},"1":{"start":{"line":15,"column":2},"end":{"line":15,"column":58}},"2":{"start":{"line":16,"column":2},"end":{"line":16,"column":62}},"3":{"start":{"line":17,"column":2},"end":{"line":17,"column":62}},"4":{"start":{"line":19,"column":16},"end":{"line":19,"column":150}},"5":{"start":{"line":20,"column":2},"end":{"line":20,"column":56}},"6":{"start":{"line":21,"column":19},"end":{"line":27,"column":null}},"7":{"start":{"line":29,"column":2},"end":{"line":29,"column":72}},"8":{"start":{"line":30,"column":2},"end":{"line":32,"column":11}},"9":{"start":{"line":35,"column":29},"end":{"line":73,"column":1}},"10":{"start":{"line":41,"column":15},"end":{"line":41,"column":29}},"11":{"start":{"line":42,"column":29},"end":{"line":46,"column":4}},"12":{"start":{"line":48,"column":2},"end":{"line":50,"column":3}},"13":{"start":{"line":49,"column":4},"end":{"line":49,"column":59}},"14":{"start":{"line":52,"column":2},"end":{"line":54,"column":5}},"15":{"start":{"line":56,"column":2},"end":{"line":59,"column":5}},"16":{"start":{"line":61,"column":19},"end":{"line":69,"column":null}},"17":{"start":{"line":72,"column":2},"end":{"line":72,"column":26}},"18":{"start":{"line":75,"column":28},"end":{"line":98,"column":1}},"19":{"start":{"line":80,"column":2},"end":{"line":80,"column":57}},"20":{"start":{"line":81,"column":2},"end":{"line":81,"column":79}},"21":{"start":{"line":82,"column":2},"end":{"line":82,"column":61}},"22":{"start":{"line":83,"column":2},"end":{"line":97,"column":4}},"23":{"start":{"line":100,"column":31},"end":{"line":142,"column":1}},"24":{"start":{"line":106,"column":22},"end":{"line":106,"column":47}},"25":{"start":{"line":107,"column":2},"end":{"line":107,"column":70}},"26":{"start":{"line":109,"column":2},"end":{"line":141,"column":3}},"27":{"start":{"line":110,"column":28},"end":{"line":113,"column":null}},"28":{"start":{"line":116,"column":33},"end":{"line":120,"column":null}},"29":{"start":{"line":123,"column":4},"end":{"line":126,"column":6}},"30":{"start":{"line":128,"column":4},"end":{"line":138,"column":5}},"31":{"start":{"line":129,"column":6},"end":{"line":129,"column":56}},"32":{"start":{"line":130,"column":6},"end":{"line":130,"column":72}},"33":{"start":{"line":131,"column":6},"end":{"line":133,"column":8}},"34":{"start":{"line":135,"column":6},"end":{"line":137,"column":8}},"35":{"start":{"line":140,"column":4},"end":{"line":140,"column":53}}},"fnMap":{"0":{"name":"(anonymous_0)","decl":{"start":{"line":10,"column":29},"end":{"line":10,"column":34}},"loc":{"start":{"line":14,"column":28},"end":{"line":33,"column":1}}},"1":{"name":"(anonymous_1)","decl":{"start":{"line":35,"column":29},"end":{"line":35,"column":34}},"loc":{"start":{"line":40,"column":4},"end":{"line":73,"column":1}}},"2":{"name":"(anonymous_2)","decl":{"start":{"line":75,"column":28},"end":{"line":75,"column":33}},"loc":{"start":{"line":79,"column":4},"end":{"line":98,"column":1}}},"3":{"name":"(anonymous_3)","decl":{"start":{"line":100,"column":31},"end":{"line":100,"column":36}},"loc":{"start":{"line":105,"column":4},"end":{"line":142,"column":1}}}},"branchMap":{"0":{"loc":{"start":{"line":30,"column":9},"end":{"line":32,"column":10}},"type":"cond-expr","locations":[{"start":{"line":31,"column":6},"end":{"line":31,"column":48}},{"start":{"line":32,"column":6},"end":{"line":32,"column":10}}]},"1":{"loc":{"start":{"line":48,"column":2},"end":{"line":50,"column":3}},"type":"if","locations":[{"start":{"line":48,"column":2},"end":{"line":50,"column":3}}]},"2":{"loc":{"start":{"line":104,"column":2},"end":{"line":104,"column":22}},"type":"default-arg","locations":[{"start":{"line":104,"column":13},"end":{"line":104,"column":22}}]},"3":{"loc":{"start":{"line":128,"column":4},"end":{"line":138,"column":5}},"type":"if","locations":[{"start":{"line":128,"column":4},"end":{"line":138,"column":5}},{"start":{"line":134,"column":11},"end":{"line":138,"column":5}}]}},"s":{"0":0,"1":0,"2":0,"3":0,"4":0,"5":0,"6":0,"7":0,"8":0,"9":0,"10":0,"11":0,"12":0,"13":0,"14":0,"15":0,"16":0,"17":0,"18":0,"19":0,"20":0,"21":0,"22":0,"23":0,"24":0,"25":0,"26":0,"27":0,"28":0,"29":0,"30":0,"31":0,"32":0,"33":0,"34":0,"35":0},"f":{"0":0,"1":0,"2":0,"3":0},"b":{"0":[0,0],"1":[0],"2":[0],"3":[0,0]}}
,"C:\\Users\\CLOUD\\OneDrive - Cloud Desk Technology\\Documents\\GitHub\\pravin-on-cloud\\Gcp_Cloud_Docgen\\src\\service\\sf\\fileupload2.service.ts": {"path":"C:\\Users\\CLOUD\\OneDrive - Cloud Desk Technology\\Documents\\GitHub\\pravin-on-cloud\\Gcp_Cloud_Docgen\\src\\service\\sf\\fileupload2.service.ts","statementMap":{"0":{"start":{"line":10,"column":22},"end":{"line":10,"column":49}},"1":{"start":{"line":11,"column":2},"end":{"line":11,"column":40}},"2":{"start":{"line":26,"column":19},"end":{"line":37,"column":null}},"3":{"start":{"line":39,"column":2},"end":{"line":39,"column":26}},"4":{"start":{"line":52,"column":19},"end":{"line":58,"column":null}},"5":{"start":{"line":60,"column":2},"end":{"line":60,"column":41}},"6":{"start":{"line":75,"column":19},"end":{"line":88,"column":null}},"7":{"start":{"line":90,"column":2},"end":{"line":90,"column":26}},"8":{"start":{"line":114,"column":2},"end":{"line":149,"column":3}},"9":{"start":{"line":115,"column":30},"end":{"line":115,"column":62}},"10":{"start":{"line":116,"column":21},"end":{"line":116,"column":59}},"11":{"start":{"line":118,"column":29},"end":{"line":121,"column":null}},"12":{"start":{"line":123,"column":30},"end":{"line":125,"column":null}},"13":{"start":{"line":128,"column":34},"end":{"line":131,"column":null}},"14":{"start":{"line":134,"column":4},"end":{"line":134,"column":67}},"15":{"start":{"line":135,"column":4},"end":{"line":135,"column":66}},"16":{"start":{"line":137,"column":4},"end":{"line":143,"column":6}},"17":{"start":{"line":145,"column":4},"end":{"line":148,"column":6}}},"fnMap":{"0":{"name":"readFileAsBase64","decl":{"start":{"line":9,"column":15},"end":{"line":9,"column":31}},"loc":{"start":{"line":9,"column":48},"end":{"line":12,"column":1}}},"1":{"name":"createContentVersion","decl":{"start":{"line":21,"column":15},"end":{"line":21,"column":35}},"loc":{"start":{"line":24,"column":18},"end":{"line":40,"column":1}}},"2":{"name":"getContentDocumentId","decl":{"start":{"line":48,"column":15},"end":{"line":48,"column":35}},"loc":{"start":{"line":50,"column":26},"end":{"line":61,"column":1}}},"3":{"name":"createContentDocumentLink","decl":{"start":{"line":70,"column":15},"end":{"line":70,"column":40}},"loc":{"start":{"line":73,"column":18},"end":{"line":91,"column":1}}},"4":{"name":"uploadFile","decl":{"start":{"line":100,"column":22},"end":{"line":100,"column":32}},"loc":{"start":{"line":103,"column":18},"end":{"line":150,"column":1}}}},"branchMap":{"0":{"loc":{"start":{"line":116,"column":21},"end":{"line":116,"column":59}},"type":"binary-expr","locations":[{"start":{"line":116,"column":21},"end":{"line":116,"column":46}},{"start":{"line":116,"column":50},"end":{"line":116,"column":59}}]},"1":{"loc":{"start":{"line":147,"column":6},"end":{"line":147,"column":58}},"type":"cond-expr","locations":[{"start":{"line":147,"column":23},"end":{"line":147,"column":42}},{"start":{"line":147,"column":45},"end":{"line":147,"column":58}}]}},"s":{"0":0,"1":0,"2":0,"3":0,"4":0,"5":0,"6":0,"7":0,"8":0,"9":0,"10":0,"11":0,"12":0,"13":0,"14":0,"15":0,"16":0,"17":0},"f":{"0":0,"1":0,"2":0,"3":0,"4":0},"b":{"0":[0,0],"1":[0,0]}}
,"C:\\Users\\CLOUD\\OneDrive - Cloud Desk Technology\\Documents\\GitHub\\pravin-on-cloud\\Gcp_Cloud_Docgen\\src\\service\\sf\\sfcredential.service.ts": {"path":"C:\\Users\\CLOUD\\OneDrive - Cloud Desk Technology\\Documents\\GitHub\\pravin-on-cloud\\Gcp_Cloud_Docgen\\src\\service\\sf\\sfcredential.service.ts","statementMap":{"0":{"start":{"line":10,"column":35},"end":{"line":37,"column":2}},"1":{"start":{"line":19,"column":4},"end":{"line":19,"column":46}},"2":{"start":{"line":22,"column":4},"end":{"line":24,"column":5}},"3":{"start":{"line":23,"column":6},"end":{"line":23,"column":60}},"4":{"start":{"line":26,"column":4},"end":{"line":35,"column":5}},"5":{"start":{"line":28,"column":26},"end":{"line":28,"column":76}},"6":{"start":{"line":29,"column":6},"end":{"line":29,"column":58}},"7":{"start":{"line":31,"column":6},"end":{"line":31,"column":38}},"8":{"start":{"line":33,"column":6},"end":{"line":33,"column":55}},"9":{"start":{"line":34,"column":6},"end":{"line":34,"column":52}}},"fnMap":{"0":{"name":"(anonymous_0)","decl":{"start":{"line":16,"column":2},"end":{"line":16,"column":7}},"loc":{"start":{"line":17,"column":20},"end":{"line":36,"column":3}}}},"branchMap":{"0":{"loc":{"start":{"line":22,"column":4},"end":{"line":24,"column":5}},"type":"if","locations":[{"start":{"line":22,"column":4},"end":{"line":24,"column":5}}]},"1":{"loc":{"start":{"line":22,"column":8},"end":{"line":22,"column":43}},"type":"binary-expr","locations":[{"start":{"line":22,"column":8},"end":{"line":22,"column":25}},{"start":{"line":22,"column":29},"end":{"line":22,"column":43}}]}},"s":{"0":0,"1":0,"2":0,"3":0,"4":0,"5":0,"6":0,"7":0,"8":0,"9":0},"f":{"0":0},"b":{"0":[0],"1":[0,0]}}
,"C:\\Users\\CLOUD\\OneDrive - Cloud Desk Technology\\Documents\\GitHub\\pravin-on-cloud\\Gcp_Cloud_Docgen\\src\\swager\\processdocument.swager.ts": {"path":"C:\\Users\\CLOUD\\OneDrive - Cloud Desk Technology\\Documents\\GitHub\\pravin-on-cloud\\Gcp_Cloud_Docgen\\src\\swager\\processdocument.swager.ts","statementMap":{"0":{"start":{"line":4,"column":38},"end":{"line":55,"column":2}}},"fnMap":{},"branchMap":{},"s":{"0":0},"f":{},"b":{}}
,"C:\\Users\\CLOUD\\OneDrive - Cloud Desk Technology\\Documents\\GitHub\\pravin-on-cloud\\Gcp_Cloud_Docgen\\src\\swager\\sforgidclientid.swagger.ts": {"path":"C:\\Users\\CLOUD\\OneDrive - Cloud Desk Technology\\Documents\\GitHub\\pravin-on-cloud\\Gcp_Cloud_Docgen\\src\\swager\\sforgidclientid.swagger.ts","statementMap":{"0":{"start":{"line":3,"column":36},"end":{"line":40,"column":2}}},"fnMap":{},"branchMap":{},"s":{"0":0},"f":{},"b":{}}
,"C:\\Users\\CLOUD\\OneDrive - Cloud Desk Technology\\Documents\\GitHub\\pravin-on-cloud\\Gcp_Cloud_Docgen\\src\\swager\\helperMethods\\swagger.errorHandler.ts": {"path":"C:\\Users\\CLOUD\\OneDrive - Cloud Desk Technology\\Documents\\GitHub\\pravin-on-cloud\\Gcp_Cloud_Docgen\\src\\swager\\helperMethods\\swagger.errorHandler.ts","statementMap":{"0":{"start":{"line":1,"column":29},"end":{"line":10,"column":2}},"1":{"start":{"line":1,"column":72},"end":{"line":10,"column":2}}},"fnMap":{"0":{"name":"(anonymous_0)","decl":{"start":{"line":1,"column":29},"end":{"line":1,"column":30}},"loc":{"start":{"line":1,"column":72},"end":{"line":10,"column":2}}}},"branchMap":{},"s":{"0":0,"1":0},"f":{"0":0},"b":{}}
,"C:\\Users\\CLOUD\\OneDrive - Cloud Desk Technology\\Documents\\GitHub\\pravin-on-cloud\\Gcp_Cloud_Docgen\\src\\utils\\datatype\\datatype.utils.ts": {"path":"C:\\Users\\CLOUD\\OneDrive - Cloud Desk Technology\\Documents\\GitHub\\pravin-on-cloud\\Gcp_Cloud_Docgen\\src\\utils\\datatype\\datatype.utils.ts","statementMap":{"0":{"start":{"line":1,"column":21},"end":{"line":1,"column":29}},"1":{"start":{"line":2,"column":21},"end":{"line":2,"column":29}},"2":{"start":{"line":3,"column":20},"end":{"line":3,"column":27}}},"fnMap":{},"branchMap":{},"s":{"0":0,"1":0,"2":0},"f":{},"b":{}}
}
