TN:
SF:src\index.ts
FN:11,getApiKey
FN:23,setupSwagger
FN:54,(anonymous_2)
FN:64,setupCors
FN:75,apiKeyValidationHook
FN:77,(anonymous_5)
FN:103,(anonymous_6)
FN:116,(anonymous_7)
FNF:8
FNH:0
FNDA:0,getApiKey
FNDA:0,setupSwagger
FNDA:0,(anonymous_2)
FNDA:0,setupCors
FNDA:0,apiKeyValidationHook
FNDA:0,(anonymous_5)
FNDA:0,(anonymous_6)
FNDA:0,(anonymous_7)
DA:9,0
DA:12,0
DA:13,0
DA:15,0
DA:16,0
DA:20,0
DA:21,0
DA:24,0
DA:51,0
DA:54,0
DA:65,0
DA:76,0
DA:77,0
DA:78,0
DA:81,0
DA:82,0
DA:83,0
DA:88,0
DA:89,0
DA:96,0
DA:98,0
DA:99,0
DA:101,0
DA:103,0
DA:104,0
DA:105,0
DA:109,0
DA:111,0
DA:112,0
DA:116,0
DA:117,0
DA:118,0
LF:32
LH:0
BRDA:77,0,0,0
BRDA:77,1,0,0
BRDA:77,1,1,0
BRDA:82,2,0,0
BRDA:88,3,0,0
BRF:5
BRH:0
end_of_record
TN:
SF:src\ajv\validation.ts
FN:9,(anonymous_0)
FN:10,(anonymous_1)
FNF:2
FNH:0
FNDA:0,(anonymous_0)
FNDA:0,(anonymous_1)
DA:4,0
DA:5,0
DA:9,0
DA:10,0
DA:11,0
DA:12,0
DA:14,0
DA:15,0
DA:16,0
DA:17,0
DA:18,0
DA:21,0
LF:12
LH:0
BRDA:16,0,0,0
BRF:1
BRH:0
end_of_record
TN:
SF:src\config\config.ts
FNF:0
FNH:0
DA:1,1
DA:3,1
DA:5,1
DA:6,1
DA:7,1
DA:8,1
DA:9,1
DA:11,1
DA:12,0
DA:13,0
DA:16,1
LF:11
LH:9
BRDA:11,0,0,0
BRF:1
BRH:0
end_of_record
TN:
SF:src\controller\document.controller.ts
FN:10,(anonymous_0)
FNF:1
FNH:0
FNDA:0,(anonymous_0)
DA:3,0
DA:11,0
DA:12,0
DA:15,0
DA:20,0
DA:21,0
DA:22,0
DA:24,0
DA:25,0
DA:29,0
DA:30,0
LF:11
LH:0
BRDA:20,0,0,0
BRDA:20,0,1,0
BRF:2
BRH:0
end_of_record
TN:
SF:src\controller\fileFetch.controller.ts
FN:12,(anonymous_0)
FNF:1
FNH:0
FNDA:0,(anonymous_0)
DA:3,0
DA:13,0
DA:15,0
DA:18,0
DA:25,0
DA:26,0
DA:28,0
DA:29,0
LF:8
LH:0
BRF:0
BRH:0
end_of_record
TN:
SF:src\controller\sfauth.controller.ts
FN:18,(anonymous_0)
FNF:1
FNH:0
FNDA:0,(anonymous_0)
DA:11,0
DA:22,0
DA:23,0
DA:27,0
DA:28,0
DA:30,0
DA:31,0
LF:7
LH:0
BRF:0
BRH:0
end_of_record
TN:
SF:src\controller\sfcredential.controller.ts
FN:17,(anonymous_0)
FNF:1
FNH:0
FNDA:0,(anonymous_0)
DA:11,0
DA:21,0
DA:23,0
DA:24,0
DA:28,0
DA:31,0
DA:32,0
DA:36,0
DA:39,0
LF:9
LH:0
BRDA:31,0,0,0
BRF:1
BRH:0
end_of_record
TN:
SF:src\router\router.ts
FN:9,(anonymous_0)
FN:11,(anonymous_1)
FNF:2
FNH:0
FNDA:0,(anonymous_0)
FNDA:0,(anonymous_1)
DA:9,0
DA:11,0
DA:12,0
DA:13,0
DA:17,0
DA:27,0
DA:36,0
LF:7
LH:0
BRF:0
BRH:0
end_of_record
TN:
SF:src\schema\sfuserdatavalidation.ts
FN:4,(anonymous_0)
FN:12,(anonymous_1)
FN:13,(anonymous_2)
FNF:3
FNH:0
FNDA:0,(anonymous_0)
FNDA:0,(anonymous_1)
FNDA:0,(anonymous_2)
DA:4,0
DA:12,0
DA:13,0
DA:16,0
LF:4
LH:0
BRDA:6,0,0,0
BRDA:6,0,1,0
BRDA:7,1,0,0
BRDA:7,1,1,0
BRDA:8,2,0,0
BRDA:8,2,1,0
BRDA:9,3,0,0
BRDA:9,3,1,0
BRF:8
BRH:0
end_of_record
TN:
SF:src\schema\validateSalesforceData.ts
FNF:0
FNH:0
DA:3,0
LF:1
LH:0
BRF:0
BRH:0
end_of_record
TN:
SF:src\service\gcp\secretManager.service.ts
FN:17,getSecret
FN:35,createSecret
FN:59,addSecretVersion
FN:84,storeSecret
FN:123,getSecretValue
FN:146,getSecretValueWithCache
FNF:6
FNH:0
FNDA:0,getSecret
FNDA:0,createSecret
FNDA:0,addSecretVersion
FNDA:0,storeSecret
FNDA:0,getSecretValue
FNDA:0,getSecretValueWithCache
DA:3,0
DA:4,0
DA:6,0
DA:18,0
DA:19,0
DA:20,0
DA:21,0
DA:22,0
DA:24,0
DA:36,0
DA:37,0
DA:47,0
DA:60,0
DA:61,0
DA:67,0
DA:69,0
DA:85,0
DA:86,0
DA:88,0
DA:89,0
DA:90,0
DA:92,0
DA:93,0
DA:94,0
DA:95,0
DA:96,0
DA:98,0
DA:99,0
DA:102,0
DA:103,0
DA:107,0
DA:108,0
DA:109,0
DA:110,0
DA:112,0
DA:113,0
DA:124,0
DA:126,0
DA:127,0
DA:130,0
DA:131,0
DA:133,0
DA:134,0
DA:138,0
DA:147,0
DA:148,0
DA:151,0
DA:153,0
DA:154,0
DA:157,0
DA:158,0
DA:159,0
DA:161,0
DA:163,0
DA:164,0
LF:55
LH:0
BRDA:92,0,0,0
BRDA:92,0,1,0
BRDA:147,1,0,0
BRDA:158,2,0,0
BRF:4
BRH:0
end_of_record
TN:
SF:src\service\processDocument\document.service.ts
FN:14,(anonymous_0)
FN:66,(anonymous_1)
FN:74,(anonymous_2)
FN:75,(anonymous_3)
FN:79,(anonymous_4)
FNF:5
FNH:0
FNDA:0,(anonymous_0)
FNDA:0,(anonymous_1)
FNDA:0,(anonymous_2)
FNDA:0,(anonymous_3)
FNDA:0,(anonymous_4)
DA:8,0
DA:15,0
DA:16,0
DA:19,0
DA:20,0
DA:24,0
DA:25,0
DA:26,0
DA:28,0
DA:29,0
DA:34,0
DA:35,0
DA:40,0
DA:42,0
DA:43,0
DA:46,0
DA:47,0
DA:51,0
DA:52,0
DA:57,0
DA:59,0
DA:60,0
DA:64,0
DA:65,0
DA:67,0
DA:70,0
DA:74,0
DA:75,0
DA:76,0
DA:79,0
DA:80,0
DA:83,0
DA:84,0
DA:87,0
LF:34
LH:0
BRDA:74,0,0,0
BRDA:79,1,0,0
BRF:2
BRH:0
end_of_record
TN:
SF:src\service\processDocument\helperMethods\generateDocument.ts
FN:17,(anonymous_0)
FN:46,(anonymous_1)
FN:83,(anonymous_2)
FNF:3
FNH:0
FNDA:0,(anonymous_0)
FNDA:0,(anonymous_1)
FNDA:0,(anonymous_2)
DA:8,0
DA:9,0
DA:17,0
DA:21,0
DA:22,0
DA:23,0
DA:24,0
DA:29,0
DA:30,0
DA:32,0
DA:34,0
DA:35,0
DA:46,0
DA:51,0
DA:52,0
DA:54,0
DA:55,0
DA:57,0
DA:61,0
DA:62,0
DA:65,0
DA:66,0
DA:68,0
DA:70,0
DA:71,0
DA:72,0
DA:83,0
DA:88,0
DA:89,0
DA:91,0
DA:92,0
DA:94,0
DA:97,0
DA:98,0
DA:100,0
DA:101,0
DA:102,0
DA:107,0
DA:113,0
DA:116,0
DA:118,0
DA:119,0
LF:42
LH:0
BRDA:61,0,0,0
BRDA:94,1,0,0
BRF:2
BRH:0
end_of_record
TN:
SF:src\service\sf\auth.service.ts
FN:37,(anonymous_0)
FN:56,(anonymous_1)
FN:69,(anonymous_2)
FN:89,(anonymous_3)
FN:136,(anonymous_4)
FN:153,(anonymous_5)
FNF:6
FNH:0
FNDA:0,(anonymous_0)
FNDA:0,(anonymous_1)
FNDA:0,(anonymous_2)
FNDA:0,(anonymous_3)
FNDA:0,(anonymous_4)
FNDA:0,(anonymous_5)
DA:20,0
DA:28,0
DA:29,0
DA:30,0
DA:37,0
DA:39,0
DA:40,0
DA:41,0
DA:43,0
DA:45,0
DA:48,0
DA:56,0
DA:57,0
DA:58,0
DA:60,0
DA:69,0
DA:74,0
DA:81,0
DA:89,0
DA:94,0
DA:95,0
DA:96,0
DA:97,0
DA:99,0
DA:104,0
DA:106,0
DA:107,0
DA:109,0
DA:115,0
DA:116,0
DA:119,0
DA:123,0
DA:136,0
DA:140,0
DA:141,0
DA:144,0
DA:153,0
DA:154,0
DA:155,0
DA:158,0
LF:40
LH:0
BRDA:23,0,0,0
BRDA:23,0,1,0
BRDA:41,1,0,0
BRDA:41,1,1,0
BRDA:57,2,0,0
BRDA:119,3,0,0
BRDA:119,3,1,0
BRDA:120,4,0,0
BRDA:120,4,1,0
BRDA:140,5,0,0
BRF:10
BRH:0
end_of_record
TN:
SF:src\service\sf\fileFetch.service.ts
FN:13,(anonymous_0)
FN:62,(anonymous_1)
FN:76,(anonymous_2)
FN:89,(anonymous_3)
FNF:4
FNH:0
FNDA:0,(anonymous_0)
FNDA:0,(anonymous_1)
FNDA:0,(anonymous_2)
FNDA:0,(anonymous_3)
DA:5,0
DA:19,0
DA:20,0
DA:21,0
DA:27,0
DA:28,0
DA:33,0
DA:34,0
DA:35,0
DA:37,0
DA:38,0
DA:44,0
DA:48,0
DA:67,0
DA:77,0
DA:90,0
DA:91,0
DA:92,0
LF:18
LH:0
BRDA:46,0,0,0
BRDA:46,0,1,0
BRDA:91,1,0,0
BRF:3
BRH:0
end_of_record
TN:
SF:src\service\sf\fileUpload.service.ts
FN:10,(anonymous_0)
FN:35,(anonymous_1)
FN:75,(anonymous_2)
FN:100,(anonymous_3)
FNF:4
FNH:0
FNDA:0,(anonymous_0)
FNDA:0,(anonymous_1)
FNDA:0,(anonymous_2)
FNDA:0,(anonymous_3)
DA:10,0
DA:15,0
DA:16,0
DA:17,0
DA:19,0
DA:20,0
DA:21,0
DA:29,0
DA:30,0
DA:35,0
DA:41,0
DA:42,0
DA:48,0
DA:49,0
DA:52,0
DA:56,0
DA:61,0
DA:72,0
DA:75,0
DA:80,0
DA:81,0
DA:82,0
DA:83,0
DA:100,0
DA:106,0
DA:107,0
DA:109,0
DA:110,0
DA:116,0
DA:123,0
DA:128,0
DA:129,0
DA:130,0
DA:131,0
DA:135,0
DA:140,0
LF:36
LH:0
BRDA:30,0,0,0
BRDA:30,0,1,0
BRDA:48,1,0,0
BRDA:104,2,0,0
BRDA:128,3,0,0
BRDA:128,3,1,0
BRF:6
BRH:0
end_of_record
TN:
SF:src\service\sf\fileupload2.service.ts
FN:9,readFileAsBase64
FN:21,createContentVersion
FN:48,getContentDocumentId
FN:70,createContentDocumentLink
FN:100,uploadFile
FNF:5
FNH:0
FNDA:0,readFileAsBase64
FNDA:0,createContentVersion
FNDA:0,getContentDocumentId
FNDA:0,createContentDocumentLink
FNDA:0,uploadFile
DA:10,0
DA:11,0
DA:26,0
DA:39,0
DA:52,0
DA:60,0
DA:75,0
DA:90,0
DA:114,0
DA:115,0
DA:116,0
DA:118,0
DA:123,0
DA:128,0
DA:134,0
DA:135,0
DA:137,0
DA:145,0
LF:18
LH:0
BRDA:116,0,0,0
BRDA:116,0,1,0
BRDA:147,1,0,0
BRDA:147,1,1,0
BRF:4
BRH:0
end_of_record
TN:
SF:src\service\sf\sfcredential.service.ts
FN:16,(anonymous_0)
FNF:1
FNH:0
FNDA:0,(anonymous_0)
DA:10,0
DA:19,0
DA:22,0
DA:23,0
DA:26,0
DA:28,0
DA:29,0
DA:31,0
DA:33,0
DA:34,0
LF:10
LH:0
BRDA:22,0,0,0
BRDA:22,1,0,0
BRDA:22,1,1,0
BRF:3
BRH:0
end_of_record
TN:
SF:src\swager\processdocument.swager.ts
FNF:0
FNH:0
DA:4,0
LF:1
LH:0
BRF:0
BRH:0
end_of_record
TN:
SF:src\swager\sforgidclientid.swagger.ts
FNF:0
FNH:0
DA:3,0
LF:1
LH:0
BRF:0
BRH:0
end_of_record
TN:
SF:src\swager\helperMethods\swagger.errorHandler.ts
FN:1,(anonymous_0)
FNF:1
FNH:0
FNDA:0,(anonymous_0)
DA:1,0
LF:1
LH:0
BRF:0
BRH:0
end_of_record
TN:
SF:src\utils\datatype\datatype.utils.ts
FNF:0
FNH:0
DA:1,0
DA:2,0
DA:3,0
LF:3
LH:0
BRF:0
BRH:0
end_of_record
